<?xml version="1.0" encoding="UTF-8"?>
<!-- Generated by org.testng.reporters.JUnitReportReporter -->
<testsuite hostname="BADBOY" failures="0" tests="1" name="ndtv.Temperature" time="34.157" errors="0" timestamp="2022-02-26T13:26:52 IST" skipped="0">
  <testcase classname="ndtv.Temperature" name="temperature" time="34.157"/>
  <system-out/>
</testsuite> <!-- ndtv.Temperature -->
