<?xml version="1.0" encoding="UTF-8"?>
<!-- Generated by org.testng.reporters.JUnitReportReporter -->
<testsuite hostname="BADBOY" failures="0" tests="3" name="ndtv.Temperature02" time="2.327" errors="0" timestamp="2022-02-26T13:39:44 IST" skipped="0">
  <testcase classname="ndtv.Temperature02" name="temperature" time="0.654"/>
  <system-out/>
  <testcase classname="ndtv.Temperature02" name="temperature" time="1.042"/>
  <system-out/>
  <testcase classname="ndtv.Temperature02" name="temperature" time="0.631"/>
  <system-out/>
</testsuite> <!-- ndtv.Temperature02 -->
