<?xml version="1.0" encoding="UTF-8"?>
<!-- Generated by org.testng.reporters.JUnitReportReporter -->
<testsuite hostname="BADBOY" failures="0" tests="3" name="ndtv.Sample" time="5.696" errors="0" timestamp="2022-02-26T17:11:54 IST" skipped="0">
  <testcase classname="ndtv.Sample" name="temperature" time="1.066"/>
  <system-out/>
  <testcase classname="ndtv.Sample" name="temperature" time="0.761"/>
  <system-out/>
  <testcase classname="ndtv.Sample" name="temperature" time="3.869"/>
  <system-out/>
</testsuite> <!-- ndtv.Sample -->
