<?xml version="1.0" encoding="UTF-8"?>
<!-- Generated by org.testng.reporters.JUnitReportReporter -->
<testsuite hostname="BADBOY" failures="0" tests="1" name="With_Yaml.Temperature_yaml" time="6.328" errors="0" timestamp="2022-02-27T23:49:21 IST" skipped="0">
  <testcase classname="With_Yaml.Temperature_yaml" name="CheckTemperature" time="6.328"/>
  <system-out/>
</testsuite> <!-- With_Yaml.Temperature_yaml -->
