<?xml version="1.0" encoding="UTF-8"?>
<!-- Generated by org.testng.reporters.JUnitReportReporter -->
<testsuite hostname="BADBOY" failures="0" tests="3" name="ndtv.Temperature_DP" time="2.637" errors="0" timestamp="2022-02-26T22:11:26 IST" skipped="0">
  <testcase classname="ndtv.Temperature_DP" name="temperature" time="1.497"/>
  <system-out/>
  <testcase classname="ndtv.Temperature_DP" name="temperature" time="0.558"/>
  <system-out/>
  <testcase classname="ndtv.Temperature_DP" name="temperature" time="0.582"/>
  <system-out/>
</testsuite> <!-- ndtv.Temperature_DP -->
