<?xml version="1.0" encoding="UTF-8"?>
<!-- Generated by org.testng.reporters.JUnitReportReporter -->
<testsuite hostname="BADBOY" failures="0" tests="1" name="ndtv.Temperature_yaml" time="18.513" errors="0" timestamp="2022-02-26T16:41:20 IST" skipped="0">
  <testcase classname="ndtv.Temperature_yaml" name="temperature" time="18.513"/>
  <system-out/>
</testsuite> <!-- ndtv.Temperature_yaml -->
